<?xml version="1.0" encoding="UTF-8"?>
<testng-results skipped="0" failed="0" ignored="0" total="1" passed="1">
  <reporter-output>
  </reporter-output>
  <suite name="Default suite" duration-ms="40867" started-at="2019-12-19T11:43:54 IST" finished-at="2019-12-19T11:44:35 IST">
    <groups>
    </groups>
    <test name="Default test" duration-ms="40867" started-at="2019-12-19T11:43:54 IST" finished-at="2019-12-19T11:44:35 IST">
      <class name="com.zensar.data_driven_framework1.data_point.LoginUsingFile">
        <test-method status="PASS" signature="loginAutomationTestNG()[pri:0, instance:com.zensar.data_driven_framework1.data_point.LoginUsingFile@4b53f538]" name="loginAutomationTestNG" duration-ms="40793" started-at="2019-12-19T11:43:54 IST" finished-at="2019-12-19T11:44:35 IST">
          <reporter-output>
          </reporter-output>
        </test-method> <!-- loginAutomationTestNG -->
      </class> <!-- com.zensar.data_driven_framework1.data_point.LoginUsingFile -->
    </test> <!-- Default test -->
  </suite> <!-- Default suite -->
</testng-results>
